<?xml version="1.0" encoding="UTF-8"?>
<testng-results skipped="0" failed="0" ignored="0" total="2" passed="2">
  <reporter-output>
  </reporter-output>
  <suite name="Default suite" duration-ms="21119" started-at="2020-12-22T15:09:33 IST" finished-at="2020-12-22T15:09:54 IST">
    <groups>
    </groups>
    <test name="Default test" duration-ms="21119" started-at="2020-12-22T15:09:33 IST" finished-at="2020-12-22T15:09:54 IST">
      <class name="facebookTests.signupTests">
        <test-method status="PASS" signature="invokeBrowser()[pri:0, instance:facebookTests.signupTests@6acdbdf5]" name="invokeBrowser" is-config="true" duration-ms="5967" started-at="2020-12-22T15:09:33 IST" finished-at="2020-12-22T15:09:39 IST">
          <reporter-output>
          </reporter-output>
        </test-method> <!-- invokeBrowser -->
        <test-method status="PASS" signature="user_can_signup_With_MobileNum_successfully(java.lang.String, java.lang.String, java.lang.String, java.lang.String, java.lang.String, java.lang.String, java.lang.String, java.lang.String)[pri:0, instance:facebookTests.signupTests@6acdbdf5]" name="user_can_signup_With_MobileNum_successfully" duration-ms="4803" started-at="2020-12-22T15:09:39 IST" data-provider="successSignupWithEmailData" finished-at="2020-12-22T15:09:44 IST">
          <params>
            <param index="0">
              <value>
                <![CDATA[Testonetest]]>
              </value>
            </param>
            <param index="1">
              <value>
                <![CDATA[Onetesttest]]>
              </value>
            </param>
            <param index="2">
              <value>
                <![CDATA[aomar1988@gmail.com]]>
              </value>
            </param>
            <param index="3">
              <value>
                <![CDATA[aomar1988@gmail.com]]>
              </value>
            </param>
            <param index="4">
              <value>
                <![CDATA[test123123]]>
              </value>
            </param>
            <param index="5">
              <value>
                <![CDATA[13]]>
              </value>
            </param>
            <param index="6">
              <value>
                <![CDATA[Jan]]>
              </value>
            </param>
            <param index="7">
              <value>
                <![CDATA[1999]]>
              </value>
            </param>
          </params>
          <reporter-output>
          </reporter-output>
        </test-method> <!-- user_can_signup_With_MobileNum_successfully -->
        <test-method status="PASS" signature="terminateBrowser()[pri:0, instance:facebookTests.signupTests@6acdbdf5]" name="terminateBrowser" is-config="true" duration-ms="94" started-at="2020-12-22T15:09:44 IST" finished-at="2020-12-22T15:09:44 IST">
          <reporter-output>
          </reporter-output>
        </test-method> <!-- terminateBrowser -->
        <test-method status="PASS" signature="invokeBrowser()[pri:0, instance:facebookTests.signupTests@6acdbdf5]" name="invokeBrowser" is-config="true" duration-ms="5002" started-at="2020-12-22T15:09:44 IST" finished-at="2020-12-22T15:09:49 IST">
          <reporter-output>
          </reporter-output>
        </test-method> <!-- invokeBrowser -->
        <test-method status="PASS" signature="user_can_signup_With_MobileNum_successfully(java.lang.String, java.lang.String, java.lang.String, java.lang.String, java.lang.String, java.lang.String, java.lang.String, java.lang.String)[pri:0, instance:facebookTests.signupTests@6acdbdf5]" name="user_can_signup_With_MobileNum_successfully" duration-ms="5118" started-at="2020-12-22T15:09:49 IST" data-provider="successSignupWithEmailData" finished-at="2020-12-22T15:09:54 IST">
          <params>
            <param index="0">
              <value>
                <![CDATA[Testonetest]]>
              </value>
            </param>
            <param index="1">
              <value>
                <![CDATA[Onetesttest]]>
              </value>
            </param>
            <param index="2">
              <value>
                <![CDATA[aomar1988@gmail.com]]>
              </value>
            </param>
            <param index="3">
              <value>
                <![CDATA[aomar1988@gmail.com]]>
              </value>
            </param>
            <param index="4">
              <value>
                <![CDATA[test123123]]>
              </value>
            </param>
            <param index="5">
              <value>
                <![CDATA[13]]>
              </value>
            </param>
            <param index="6">
              <value>
                <![CDATA[Jan]]>
              </value>
            </param>
            <param index="7">
              <value>
                <![CDATA[1999]]>
              </value>
            </param>
          </params>
          <reporter-output>
          </reporter-output>
        </test-method> <!-- user_can_signup_With_MobileNum_successfully -->
        <test-method status="PASS" signature="terminateBrowser()[pri:0, instance:facebookTests.signupTests@6acdbdf5]" name="terminateBrowser" is-config="true" duration-ms="55" started-at="2020-12-22T15:09:54 IST" finished-at="2020-12-22T15:09:54 IST">
          <reporter-output>
          </reporter-output>
        </test-method> <!-- terminateBrowser -->
      </class> <!-- facebookTests.signupTests -->
    </test> <!-- Default test -->
  </suite> <!-- Default suite -->
</testng-results>
