<?xml version="1.0" encoding="UTF-8"?>
<!-- Generated by org.testng.reporters.JUnitXMLReporter -->
<testsuite hostname="ENG-Omar" ignored="0" name="Default test" tests="2" failures="0" timestamp="2020-12-22T15:09:55 IST" time="21.119" errors="0">
  <testcase name="user_can_signup_With_MobileNum_successfully" time="4.803" classname="facebookTests.signupTests"/>
  <testcase name="user_can_signup_With_MobileNum_successfully" time="5.118" classname="facebookTests.signupTests"/>
</testsuite> <!-- Default test -->
